2023-07-06 12:56:32,222 [INFO] Activator:176 - 


2023-07-06 12:56:32,228 [INFO] Activator:177 - !SESSION log4j initialized
2023-07-06 12:56:46,607 [INFO] LogOutputStream:77 - [STDOUT_REDIRECT] 
2023-07-06 12:57:03,408 [INFO] ApplicationProperties:184 - Using Application install path: /opt/st/stm32cubeide_1.12.1_2/plugins/com.st.stm32cube.common.mx_6.8.1.202304191431
2023-07-06 12:57:03,485 [INFO] DbMcusXml:78 - Set database path to: /opt/st/stm32cubeide_1.12.1_2/plugins/com.st.stm32cube.common.mx_6.8.1.202304191431//db//mcu/
2023-07-06 12:57:03,486 [INFO] ApiDb:274 - Set plugin database path to: /opt/st/stm32cubeide_1.12.1_2/plugins/com.st.stm32cube.common.mx_6.8.1.202304191431//db//plugins/boardmanager/
2023-07-06 12:57:03,490 [WARN] ApiDb:259 - Overriding images path with different value:  => /opt/st/stm32cubeide_1.12.1_2/plugins/com.st.stm32cube.common.mx_6.8.1.202304191431//db//plugins/mcufinder/images/
2023-07-06 12:57:03,562 [INFO] ApiDb:250 - Set database path to: /home/nick/.stmcufinder/plugins/mcufinder//mcu/
2023-07-06 12:57:03,565 [INFO] DbMcusAds:125 - Set database path to: /home/nick/.stmcufinder/plugins/mcufinder//mcu/
2023-07-06 12:57:03,924 [INFO] CrossReferenceDbSqlite:203 - Set database path to: /home/nick/.stmcufinder/plugins/mcufinder//mcu/cs/
2023-07-06 12:57:04,250 [INFO] RulesReader:64 - Compatibility file has been processed (293 Rules)
2023-07-06 12:57:04,469 [INFO] DbMcusXml:78 - Set database path to: /opt/st/stm32cubeide_1.12.1_2/plugins/com.st.stm32cube.common.mx_6.8.1.202304191431//db//mcu/
2023-07-06 12:57:04,469 [INFO] ApiDb:274 - Set plugin database path to: /opt/st/stm32cubeide_1.12.1_2/plugins/com.st.stm32cube.common.mx_6.8.1.202304191431//db//plugins/boardmanager/
2023-07-06 12:57:04,469 [INFO] ApiDb:261 - Set plugin images path to: /opt/st/stm32cubeide_1.12.1_2/plugins/com.st.stm32cube.common.mx_6.8.1.202304191431//db//plugins/mcufinder/images/
2023-07-06 12:57:04,471 [WARN] DbFile:41 - Overriding database path with different value: /home/nick/.stmcufinder/plugins/mcufinder/ => /home/nick/.stmcufinder/plugins/mcufinder
2023-07-06 12:57:04,471 [INFO] ApiDb:250 - Set database path to: /home/nick/.stmcufinder/plugins/mcufinder//mcu/
2023-07-06 12:57:04,471 [WARN] DbFile:41 - Overriding database path with different value: /home/nick/.stmcufinder/plugins/mcufinder/ => /home/nick/.stmcufinder/plugins/mcufinder
2023-07-06 12:57:04,471 [INFO] DbMcusAds:125 - Set database path to: /home/nick/.stmcufinder/plugins/mcufinder//mcu/
2023-07-06 12:57:04,471 [WARN] DbFile:41 - Overriding database path with different value: /home/nick/.stmcufinder/plugins/mcufinder/ => /home/nick/.stmcufinder/plugins/mcufinder
2023-07-06 12:57:04,471 [WARN] DbFile:41 - Overriding database path with different value: /home/nick/.stmcufinder/plugins/mcufinder/ => /home/nick/.stmcufinder/plugins/mcufinder
2023-07-06 12:57:04,472 [INFO] CrossReferenceDbSqlite:203 - Set database path to: /home/nick/.stmcufinder/plugins/mcufinder//mcu/cs/
2023-07-06 12:57:04,750 [INFO] MainPanel:253 - HeapMemory: 268435456
2023-07-06 12:57:05,391 [INFO] DbMcusXml:78 - Set database path to: /opt/st/stm32cubeide_1.12.1_2/plugins/com.st.stm32cube.common.mx_6.8.1.202304191431//db//mcu/
2023-07-06 12:57:05,391 [INFO] ApiDb:274 - Set plugin database path to: /opt/st/stm32cubeide_1.12.1_2/plugins/com.st.stm32cube.common.mx_6.8.1.202304191431//db//plugins/boardmanager/
2023-07-06 12:57:05,391 [INFO] ApiDb:261 - Set plugin images path to: /opt/st/stm32cubeide_1.12.1_2/plugins/com.st.stm32cube.common.mx_6.8.1.202304191431//db//plugins/mcufinder/images/
2023-07-06 12:57:05,393 [WARN] DbFile:41 - Overriding database path with different value: /home/nick/.stmcufinder/plugins/mcufinder/ => /home/nick/.stmcufinder/plugins/mcufinder
2023-07-06 12:57:05,393 [INFO] ApiDb:250 - Set database path to: /home/nick/.stmcufinder/plugins/mcufinder//mcu/
2023-07-06 12:57:05,393 [WARN] DbFile:41 - Overriding database path with different value: /home/nick/.stmcufinder/plugins/mcufinder/ => /home/nick/.stmcufinder/plugins/mcufinder
2023-07-06 12:57:05,393 [INFO] DbMcusAds:125 - Set database path to: /home/nick/.stmcufinder/plugins/mcufinder//mcu/
2023-07-06 12:57:05,394 [WARN] DbFile:41 - Overriding database path with different value: /home/nick/.stmcufinder/plugins/mcufinder/ => /home/nick/.stmcufinder/plugins/mcufinder
2023-07-06 12:57:05,394 [WARN] DbFile:41 - Overriding database path with different value: /home/nick/.stmcufinder/plugins/mcufinder/ => /home/nick/.stmcufinder/plugins/mcufinder
2023-07-06 12:57:05,394 [INFO] CrossReferenceDbSqlite:203 - Set database path to: /home/nick/.stmcufinder/plugins/mcufinder//mcu/cs/
2023-07-06 12:57:05,422 [INFO] ApplicationProperties:184 - Using Application install path: /opt/st/stm32cubeide_1.12.1_2/plugins/com.st.stm32cube.common.mx_6.8.1.202304191431
2023-07-06 12:57:05,424 [INFO] PluginManage:196 - Search for loadable plugins [exclusion list=, ]
2023-07-06 12:57:05,427 [INFO] PluginManage:310 - Check plugin analytics
2023-07-06 12:57:05,690 [INFO] AnalyticsPlugin:253 - Accepted Software Licenses: 
2023-07-06 12:57:05,691 [INFO] AnalyticsPlugin:255 - Accepted CMSIS Pack Licenses: 
2023-07-06 12:57:05,692 [INFO] AnalyticsPlugin:257 - Accepted Firmware Licenses: FW.F4.1.27.0
2023-07-06 12:57:05,704 [INFO] PluginManage:359 - Loaded plugin analytics (category:tool,tabindex:-1)
2023-07-06 12:57:05,705 [INFO] PluginManage:310 - Check plugin cadmodel
2023-07-06 12:57:06,019 [INFO] CADModel:105 - Init CAD model plugin
2023-07-06 12:57:06,019 [INFO] PluginManage:359 - Loaded plugin cadmodel (category:power,tabindex:5)
2023-07-06 12:57:06,019 [INFO] PluginManage:310 - Check plugin clock
2023-07-06 12:57:06,085 [INFO] PluginManage:359 - Loaded plugin clock (category:base,tabindex:2)
2023-07-06 12:57:06,085 [INFO] PluginManage:310 - Check plugin ddr
2023-07-06 12:57:06,104 [INFO] PluginManage:359 - Loaded plugin ddr (category:tool,tabindex:6)
2023-07-06 12:57:06,105 [INFO] PluginManage:310 - Check plugin filemanager
2023-07-06 12:57:06,380 [INFO] PluginManage:359 - Loaded plugin filemanager (category:base,tabindex:10)
2023-07-06 12:57:06,380 [INFO] PluginManage:310 - Check plugin ipmanager
2023-07-06 12:57:06,409 [INFO] PluginManage:359 - Loaded plugin ipmanager (category:base,tabindex:5)
2023-07-06 12:57:06,410 [INFO] PluginManage:310 - Check plugin lpbam
2023-07-06 12:57:06,455 [INFO] PluginManage:359 - Loaded plugin lpbam (category:base,tabindex:0)
2023-07-06 12:57:06,455 [INFO] PluginManage:310 - Check plugin pinoutandconfiguration
2023-07-06 12:57:06,468 [INFO] PluginManage:359 - Loaded plugin pinoutandconfiguration (category:base,tabindex:1)
2023-07-06 12:57:06,468 [INFO] PluginManage:310 - Check plugin pinoutconfig
2023-07-06 12:57:06,814 [WARN] SupportedApi:132 - Cannot load RTOS API schema: s4s-elt-must-match.1: The content of 'definitions' must match (annotation?, (simpleType | complexType)?, (unique | key | keyref)*)). A problem was found starting at: attribute.
2023-07-06 12:57:07,049 [INFO] PluginManage:359 - Loaded plugin pinoutconfig (category:base,tabindex:0)
2023-07-06 12:57:07,049 [INFO] PluginManage:310 - Check plugin power
2023-07-06 12:57:07,181 [INFO] PluginManage:359 - Loaded plugin power (category:power,tabindex:4)
2023-07-06 12:57:07,181 [INFO] PluginManage:310 - Check plugin projectmanager
2023-07-06 12:57:07,229 [INFO] PluginManage:359 - Loaded plugin projectmanager (category:projectmanager,tabindex:3)
2023-07-06 12:57:07,229 [INFO] PluginManage:310 - Check plugin thirdparty
2023-07-06 12:57:07,529 [INFO] PluginManage:359 - Loaded plugin thirdparty (category:base,tabindex:-1)
2023-07-06 12:57:07,529 [INFO] PluginManage:310 - Check plugin tools
2023-07-06 12:57:07,530 [WARN] IntegrityCheckThread:84 - waiting for thirdparty lock release [integrity check]
2023-07-06 12:57:07,531 [INFO] IntegrityCheckThread:86 - entering critical section [integrity check]
2023-07-06 12:57:07,533 [INFO] ThirdPartyUpdaterWithRetryManager:70 - Updater plugin not ready yet. [1/15]
2023-07-06 12:57:07,551 [INFO] PluginManage:359 - Loaded plugin tools (category:base,tabindex:7)
2023-07-06 12:57:07,552 [INFO] PluginManage:310 - Check plugin tutovideos
2023-07-06 12:57:07,828 [INFO] PluginManage:359 - Loaded plugin tutovideos (category:base,tabindex:-1)
2023-07-06 12:57:07,828 [INFO] PluginManage:310 - Check plugin updater
2023-07-06 12:57:07,895 [INFO] PluginManage:359 - Loaded plugin updater (category:base,tabindex:12)
2023-07-06 12:57:07,896 [INFO] PluginManage:283 - PluginManage : Loaded plugins [15]
2023-07-06 12:57:08,336 [INFO] PinOutPanel:1499 - setPackage(No Configuration,No Configuration)
2023-07-06 12:57:08,412 [INFO] CADModel:165 - CPN selected for project level
2023-07-06 12:57:08,413 [INFO] CADModel:114 - Register for checkConnection events
2023-07-06 12:57:08,467 [INFO] IPUIPlugin:80 - create IPUIPlugin
2023-07-06 12:57:08,467 [INFO] PluginManager:220 - loadIPPluginJar : add stm32_wpan
2023-07-06 12:57:08,470 [INFO] IPUIPlugin:80 - create IPUIPlugin
2023-07-06 12:57:08,470 [INFO] PluginManager:220 - loadIPPluginJar : add i2c
2023-07-06 12:57:08,473 [INFO] IPUIPlugin:80 - create IPUIPlugin
2023-07-06 12:57:08,473 [INFO] PluginManager:220 - loadIPPluginJar : add dfsdm
2023-07-06 12:57:08,477 [INFO] IPUIPlugin:80 - create IPUIPlugin
2023-07-06 12:57:08,477 [INFO] PluginManager:220 - loadIPPluginJar : add gtzc
2023-07-06 12:57:08,480 [INFO] IPUIPlugin:80 - create IPUIPlugin
2023-07-06 12:57:08,480 [INFO] PluginManager:220 - loadIPPluginJar : add lorawan
2023-07-06 12:57:08,484 [INFO] IPUIPlugin:80 - create IPUIPlugin
2023-07-06 12:57:08,484 [INFO] PluginManager:220 - loadIPPluginJar : add sai
2023-07-06 12:57:08,508 [INFO] IPUIPlugin:80 - create IPUIPlugin
2023-07-06 12:57:08,509 [INFO] PluginManager:220 - loadIPPluginJar : add mdma
2023-07-06 12:57:08,511 [INFO] IPUIPlugin:80 - create IPUIPlugin
2023-07-06 12:57:08,511 [INFO] PluginManager:220 - loadIPPluginJar : add fatfs
2023-07-06 12:57:08,513 [INFO] IPUIPlugin:80 - create IPUIPlugin
2023-07-06 12:57:08,514 [INFO] PluginManager:220 - loadIPPluginJar : add spi
2023-07-06 12:57:08,528 [INFO] IPUIPlugin:80 - create IPUIPlugin
2023-07-06 12:57:08,528 [INFO] PluginManager:220 - loadIPPluginJar : add opamp
2023-07-06 12:57:08,532 [INFO] IPUIPlugin:80 - create IPUIPlugin
2023-07-06 12:57:08,532 [INFO] PluginManager:220 - loadIPPluginJar : add ucpd
2023-07-06 12:57:08,540 [INFO] IPUIPlugin:80 - create IPUIPlugin
2023-07-06 12:57:08,540 [INFO] PluginManager:220 - loadIPPluginJar : add adc
2023-07-06 12:57:08,542 [INFO] IPUIPlugin:80 - create IPUIPlugin
2023-07-06 12:57:08,542 [INFO] PluginManager:220 - loadIPPluginJar : add quadspi
2023-07-06 12:57:08,550 [INFO] IPUIPlugin:80 - create IPUIPlugin
2023-07-06 12:57:08,550 [INFO] PluginManager:220 - loadIPPluginJar : add nvic
2023-07-06 12:57:08,553 [INFO] IPUIPlugin:80 - create IPUIPlugin
2023-07-06 12:57:08,553 [INFO] PluginManager:220 - loadIPPluginJar : add comp
2023-07-06 12:57:08,569 [INFO] IPUIPlugin:80 - create IPUIPlugin
2023-07-06 12:57:08,569 [INFO] PluginManager:220 - loadIPPluginJar : add freertos
2023-07-06 12:57:08,573 [INFO] IPUIPlugin:80 - create IPUIPlugin
2023-07-06 12:57:08,573 [INFO] PluginManager:220 - loadIPPluginJar : add can
2023-07-06 12:57:08,576 [INFO] IPUIPlugin:80 - create IPUIPlugin
2023-07-06 12:57:08,576 [INFO] PluginManager:220 - loadIPPluginJar : add aes
2023-07-06 12:57:08,578 [INFO] IPUIPlugin:80 - create IPUIPlugin
2023-07-06 12:57:08,578 [INFO] PluginManager:220 - loadIPPluginJar : add cryp
2023-07-06 12:57:08,581 [INFO] IPUIPlugin:80 - create IPUIPlugin
2023-07-06 12:57:08,581 [INFO] PluginManager:220 - loadIPPluginJar : add dma3
2023-07-06 12:57:08,585 [INFO] IPUIPlugin:80 - create IPUIPlugin
2023-07-06 12:57:08,585 [INFO] PluginManager:220 - loadIPPluginJar : add usart
2023-07-06 12:57:08,614 [INFO] IPUIPlugin:80 - create IPUIPlugin
2023-07-06 12:57:08,614 [INFO] PluginManager:220 - loadIPPluginJar : add resmgrutility
2023-07-06 12:57:08,618 [INFO] IPUIPlugin:80 - create IPUIPlugin
2023-07-06 12:57:08,618 [INFO] PluginManager:220 - loadIPPluginJar : add tracer_emb
2023-07-06 12:57:08,626 [INFO] IPUIPlugin:80 - create IPUIPlugin
2023-07-06 12:57:08,627 [INFO] PluginManager:220 - loadIPPluginJar : add gic
2023-07-06 12:57:08,630 [INFO] IPUIPlugin:80 - create IPUIPlugin
2023-07-06 12:57:08,630 [INFO] PluginManager:220 - loadIPPluginJar : add hash
2023-07-06 12:57:08,632 [INFO] IPUIPlugin:80 - create IPUIPlugin
2023-07-06 12:57:08,632 [INFO] PluginManager:220 - loadIPPluginJar : add ltdc
2023-07-06 12:57:08,636 [INFO] IPUIPlugin:80 - create IPUIPlugin
2023-07-06 12:57:08,636 [INFO] PluginManager:220 - loadIPPluginJar : add pdm2pcm
2023-07-06 12:57:08,640 [INFO] IPUIPlugin:80 - create IPUIPlugin
2023-07-06 12:57:08,641 [INFO] PluginManager:220 - loadIPPluginJar : add usbx
2023-07-06 12:57:08,644 [INFO] IPUIPlugin:80 - create IPUIPlugin
2023-07-06 12:57:08,644 [INFO] PluginManager:220 - loadIPPluginJar : add gfxmmu
2023-07-06 12:57:08,647 [INFO] IPUIPlugin:80 - create IPUIPlugin
2023-07-06 12:57:08,647 [INFO] PluginManager:220 - loadIPPluginJar : add genericplugin
2023-07-06 12:57:08,653 [INFO] IPUIPlugin:80 - create IPUIPlugin
2023-07-06 12:57:08,653 [INFO] PluginManager:220 - loadIPPluginJar : add touchsensing
2023-07-06 12:57:08,655 [INFO] IPUIPlugin:80 - create IPUIPlugin
2023-07-06 12:57:08,655 [INFO] PluginManager:220 - loadIPPluginJar : add tim
2023-07-06 12:57:08,659 [INFO] IPUIPlugin:80 - create IPUIPlugin
2023-07-06 12:57:08,660 [INFO] PluginManager:220 - loadIPPluginJar : add i3c
2023-07-06 12:57:08,662 [INFO] IPUIPlugin:80 - create IPUIPlugin
2023-07-06 12:57:08,662 [INFO] PluginManager:220 - loadIPPluginJar : add tsc
2023-07-06 12:57:08,668 [INFO] IPUIPlugin:80 - create IPUIPlugin
2023-07-06 12:57:08,668 [INFO] PluginManager:220 - loadIPPluginJar : add fmc
2023-07-06 12:57:08,678 [INFO] IPUIPlugin:80 - create IPUIPlugin
2023-07-06 12:57:08,682 [INFO] PluginManager:220 - loadIPPluginJar : add plateformsettings
2023-07-06 12:57:08,704 [INFO] IPUIPlugin:80 - create IPUIPlugin
2023-07-06 12:57:08,704 [INFO] PluginManager:220 - loadIPPluginJar : add dma
2023-07-06 12:57:08,713 [INFO] IPUIPlugin:80 - create IPUIPlugin
2023-07-06 12:57:08,713 [INFO] PluginManager:220 - loadIPPluginJar : add linkedlist
2023-07-06 12:57:08,716 [INFO] IPUIPlugin:80 - create IPUIPlugin
2023-07-06 12:57:08,716 [INFO] PluginManager:220 - loadIPPluginJar : add i2s
2023-07-06 12:57:08,719 [INFO] IPUIPlugin:80 - create IPUIPlugin
2023-07-06 12:57:08,720 [INFO] PluginManager:220 - loadIPPluginJar : add openamp
2023-07-06 12:57:08,722 [INFO] IPUIPlugin:80 - create IPUIPlugin
2023-07-06 12:57:08,722 [INFO] PluginManager:220 - loadIPPluginJar : add ts
2023-07-06 12:57:08,726 [INFO] IPUIPlugin:80 - create IPUIPlugin
2023-07-06 12:57:08,726 [INFO] PluginManager:220 - loadIPPluginJar : add ipddr
2023-07-06 12:57:08,731 [INFO] IPUIPlugin:80 - create IPUIPlugin
2023-07-06 12:57:08,731 [INFO] PluginManager:220 - loadIPPluginJar : add gpio
2023-07-06 12:57:08,850 [INFO] CADModel:165 - CPN selected for project level
2023-07-06 12:57:08,851 [INFO] CADModel:114 - Register for checkConnection events
2023-07-06 12:57:08,851 [FATAL] Updater:308 - Updater called before beeing initialized
2023-07-06 12:57:08,852 [ERROR] CADModel:125 - Updater not yet initialized, retry later 
2023-07-06 12:57:09,061 [INFO] CADModel:165 - CPN selected for project level
2023-07-06 12:57:09,062 [INFO] CADModel:114 - Register for checkConnection events
2023-07-06 12:57:09,062 [FATAL] Updater:308 - Updater called before beeing initialized
2023-07-06 12:57:09,062 [ERROR] CADModel:125 - Updater not yet initialized, retry later 
2023-07-06 12:57:09,067 [FATAL] Updater:308 - Updater called before beeing initialized
2023-07-06 12:57:09,215 [FATAL] Updater:308 - Updater called before beeing initialized
2023-07-06 12:57:09,235 [INFO] DbMcusAds:53 - JSON generation date=Tue Mar 07 14:20:55 IST 2023 (1678179055335)
2023-07-06 12:57:09,236 [FATAL] Updater:308 - Updater called before beeing initialized
2023-07-06 12:57:09,419 [WARN] DetailPanel:346 - Failed to get advertising image, set to default
2023-07-06 12:57:09,554 [FATAL] Updater:308 - Updater called before beeing initialized
2023-07-06 12:57:09,557 [FATAL] Updater:308 - Updater called before beeing initialized
2023-07-06 12:57:09,557 [FATAL] Updater:308 - Updater called before beeing initialized
2023-07-06 12:57:09,557 [WARN] DetailPanel:346 - Failed to get advertising image, set to default
2023-07-06 12:57:09,558 [FATAL] Updater:308 - Updater called before beeing initialized
2023-07-06 12:57:09,642 [ERROR] Updater:1120 - MainUpdater not yet initialized. External WinMGr cannot be set.
2023-07-06 12:57:09,652 [INFO] Updater:1056 - Updater Version found : 6.8.1
2023-07-06 12:57:09,677 [INFO] ApplicationProperties:184 - Using Application install path: /opt/st/stm32cubeide_1.12.1_2/plugins/com.st.stm32cube.common.mx_6.8.1.202304191431
2023-07-06 12:57:09,994 [INFO] MainUpdater:2854 - connection check result : 10
2023-07-06 12:57:09,995 [INFO] MainUpdater:3548 - Updater definition file requires update
2023-07-06 12:57:09,996 [INFO] MainUpdater:283 - Updater Check For Update Now.
2023-07-06 12:57:09,998 [INFO] MicroXplorer:498 - Change Database Version : DB.6.0.81
2023-07-06 12:57:10,045 [INFO] ServerAccessManage:473 - Download File updaters.zip
2023-07-06 12:57:10,275 [INFO] FileExtend:240 - Unzip File : updaters.zip
2023-07-06 12:57:10,275 [INFO] FileExtend:255 - Standard Zip Deflate
2023-07-06 12:57:10,544 [WARN] MainUpdater:1187 - Updater busy. Cannot search thirdparties
2023-07-06 12:57:10,545 [INFO] ThirdPartyUpdaterWithRetryManager:96 - Updater plugin is busy. [1/15]
2023-07-06 12:57:10,545 [INFO] ServerAccessManage:473 - Download File PacksControlFlags.xml
2023-07-06 12:57:10,913 [INFO] ServerAccessManage:473 - Download File cubemx.pidx
2023-07-06 12:57:11,322 [INFO] ServerAccessManage:473 - Download File STMicroelectronics.FP-SNS-MOTENV1.pdsc
2023-07-06 12:57:12,742 [INFO] ServerAccessManage:473 - Download File STMicroelectronics.X-CUBE-TOUCHGFX.pdsc
2023-07-06 12:57:13,545 [WARN] MainUpdater:1187 - Updater busy. Cannot search thirdparties
2023-07-06 12:57:13,545 [INFO] ThirdPartyUpdaterWithRetryManager:96 - Updater plugin is busy. [2/15]
2023-07-06 12:57:15,361 [ERROR] ServerAccessManage:1096 - Problem, Http access forbiden
2023-07-06 12:57:15,362 [ERROR] ServerAccessManage:651 - Problem, Http access forbiden : RoweBots.I-CUBE-UNISONRTOS.pdsc.
2023-07-06 12:57:15,699 [WARN] PackLoader:240 - Cannot read IP mode file for STMicroelectronics.FP-SNS-MOTENV1.4.3.2
2023-07-06 12:57:15,739 [WARN] PackLoader:240 - Cannot read IP mode file for STMicroelectronics.X-CUBE-TOUCHGFX.4.22.0
2023-07-06 12:57:15,740 [INFO] PopulateThirdPartyThread:66 - Ending populate Thread
2023-07-06 12:57:15,746 [INFO] ThirdParty:1030 - CMSIS Pack Vendor :STMicroelectronics FP-SNS-MOTENV1 4.3.2
2023-07-06 12:57:15,747 [INFO] ThirdParty:1030 - CMSIS Pack Vendor :STMicroelectronics X-CUBE-TOUCHGFX 4.22.0
2023-07-06 12:57:15,747 [INFO] LoadServerUpdatesThread:373 - End of LoadServerUpdate Thread
2023-07-06 12:57:15,795 [INFO] CheckServerUpdateThread:120 - End of CheckServer Thread
2023-07-06 12:57:15,826 [INFO] MainUpdater:2854 - connection check result : 10
2023-07-06 12:57:15,835 [INFO] MainUpdater:2854 - connection check result : 10
2023-07-06 12:57:15,976 [INFO] MicroXplorer:468 - Change Database Path : 
2023-07-06 12:57:15,976 [INFO] MicroXplorer:498 - Change Database Version : DB.6.0.81
2023-07-06 12:57:15,977 [WARN] ThirdParty:871 - waiting for thirdparty lock release [close project]
2023-07-06 12:57:16,768 [WARN] PackLoader:240 - Cannot read IP mode file for STMicroelectronics.X-CUBE-SMBUS.2.1.0
2023-07-06 12:57:16,845 [WARN] PackLoader:240 - Cannot read IP mode file for STMicroelectronics.X-CUBE-AZRTOS-F7.1.1.0
2023-07-06 12:57:16,866 [ERROR] RealEvaluatedCondition:428 - Found unsupported composite condition: CLASS='Data Exchange' GROUP='STM32_MetaDataManager'
2023-07-06 12:57:16,866 [ERROR] RealEvaluatedCondition:428 - Found unsupported composite condition: GROUP='STM32_MetaDataManager' CLASS='Data Exchange'
2023-07-06 12:57:16,869 [WARN] PackLoader:240 - Cannot read IP mode file for STMicroelectronics.FP-SNS-MOTENV1.4.3.0
2023-07-06 12:57:16,881 [WARN] PackLoader:240 - Cannot read IP mode file for STMicroelectronics.FP-SNS-MOTENV1.4.3.2
2023-07-06 12:57:16,903 [WARN] PackLoader:240 - Cannot read IP mode file for STMicroelectronics.FP-SNS-FLIGHT1.5.0.0
2023-07-06 12:57:16,921 [ERROR] RealEvaluatedCondition:428 - Found unsupported composite condition: GROUP='STM32_MetaDataManager' CLASS='Data Exchange'
2023-07-06 12:57:16,922 [ERROR] RealEvaluatedCondition:428 - Found unsupported composite condition: CLASS='Data Exchange' GROUP='STM32_MetaDataManager'
2023-07-06 12:57:16,925 [WARN] PackLoader:240 - Cannot read IP mode file for STMicroelectronics.FP-SNS-MOTENV1.4.3.1
2023-07-06 12:57:16,945 [WARN] PackLoader:240 - Cannot read IP mode file for STMicroelectronics.FP-SNS-FLIGHT1.5.0.1
2023-07-06 12:57:16,955 [WARN] PackLoader:240 - Cannot read IP mode file for STMicroelectronics.X-CUBE-BLE1.6.2.4
2023-07-06 12:57:16,982 [WARN] PackLoader:240 - Cannot read IP mode file for STMicroelectronics.X-CUBE-DISPLAY.3.0.0
2023-07-06 12:57:16,993 [WARN] PackLoader:240 - Cannot read IP mode file for STMicroelectronics.X-CUBE-TOUCHGFX.4.22.0
2023-07-06 12:57:17,024 [INFO] LogOutputStream:77 - [STDOUT_REDIRECT] 1 : Invalid condition id : UX_CORESTACK_Condition cause : null
2023-07-06 12:57:17,025 [INFO] LogOutputStream:77 - [STDOUT_REDIRECT] 1 : Invalid condition id : UX_CORESTACK_Condition cause : null
2023-07-06 12:57:17,025 [INFO] LogOutputStream:77 - [STDOUT_REDIRECT] 1 : Invalid condition id : UX_CORESTACK_Condition cause : null
2023-07-06 12:57:17,026 [INFO] LogOutputStream:77 - [STDOUT_REDIRECT] 1 : Invalid condition id : UX_CORESTACK_Condition cause : null
2023-07-06 12:57:17,026 [INFO] LogOutputStream:77 - [STDOUT_REDIRECT] 1 : Invalid condition id : UX_CORESTACK_Condition cause : null
2023-07-06 12:57:17,036 [WARN] PackLoader:240 - Cannot read IP mode file for STMicroelectronics.X-CUBE-AZRTOS-WL.2.0.0
2023-07-06 12:57:17,064 [WARN] PackLoader:240 - Cannot read IP mode file for WES.I-CUBE-Cesium.1.3.0
2023-07-06 12:57:17,091 [WARN] PackLoader:240 - Cannot read IP mode file for STMicroelectronics.X-CUBE-BLE2.3.3.0
2023-07-06 12:57:17,096 [WARN] PackLoader:240 - Cannot read IP mode file for STMicroelectronics.X-CUBE-TOUCHGFX.4.21.4
2023-07-06 12:57:17,102 [WARN] PackLoader:240 - Cannot read IP mode file for STMicroelectronics.X-CUBE-ALGOBUILD.1.3.0
2023-07-06 12:57:17,173 [WARN] PackLoader:240 - Cannot read IP mode file for STMicroelectronics.X-CUBE-AZRTOS-G0.1.1.0
2023-07-06 12:57:17,185 [WARN] PackLoader:240 - Cannot read IP mode file for STMicroelectronics.X-CUBE-NFC4.3.0.0
2023-07-06 12:57:17,191 [WARN] PackLoader:240 - Cannot read IP mode file for STMicroelectronics.FP-ATR-SIGFOX1.3.2.0
2023-07-06 12:57:17,277 [WARN] PackLoader:240 - Cannot read IP mode file for SEGGER.I-CUBE-embOS.1.3.1
2023-07-06 12:57:17,369 [WARN] PackLoader:240 - Cannot read IP mode file for STMicroelectronics.X-CUBE-GNSS1.6.0.0
2023-07-06 12:57:17,454 [WARN] PackLoader:240 - Cannot read IP mode file for STMicroelectronics.X-CUBE-AZRTOS-F4.1.1.0
2023-07-06 12:57:17,491 [WARN] PackLoader:240 - Cannot read IP mode file for wolfSSL.I-CUBE-wolfSSL.5.6.0
2023-07-06 12:57:17,595 [WARN] PackLoader:240 - Cannot read IP mode file for STMicroelectronics.X-CUBE-MEMS1.9.6.0
2023-07-06 12:57:17,776 [WARN] PackLoader:240 - Cannot read IP mode file for emotas.I-CUBE-CANOPEN.1.1.3
2023-07-06 12:57:17,784 [WARN] PackLoader:240 - Cannot read IP mode file for STMicroelectronics.X-CUBE-BLEMGR.2.0.0
2023-07-06 12:57:17,862 [WARN] ConditionMgr:438 - getConditionDescription Invalid condition id : UX DEVICE CLASS RTOS Condition cause : null
2023-07-06 12:57:17,863 [WARN] ConditionMgr:438 - getConditionDescription Invalid condition id : UX DEVICE CLASS RTOS Condition cause : null
2023-07-06 12:57:17,867 [WARN] PackLoader:240 - Cannot read IP mode file for STMicroelectronics.X-CUBE-AZRTOS-H7.3.1.0
2023-07-06 12:57:17,869 [WARN] ConditionMgr:1039 - genDependencies : Invalid condition id : UX DEVICE CLASS RTOS Condition cause : null
2023-07-06 12:57:17,869 [WARN] ConditionMgr:1039 - genDependencies : Invalid condition id : UX DEVICE CLASS RTOS Condition cause : null
2023-07-06 12:57:17,870 [WARN] ConditionMgr:1039 - genDependencies : Invalid condition id : UX DEVICE CLASS RTOS Condition cause : null
2023-07-06 12:57:17,872 [WARN] ConditionMgr:1039 - genDependencies : Invalid condition id : UX DEVICE CLASS RTOS Condition cause : null
2023-07-06 12:57:17,872 [WARN] ConditionMgr:1039 - genDependencies : Invalid condition id : UX DEVICE CLASS RTOS Condition cause : null
2023-07-06 12:57:17,961 [WARN] PackLoader:240 - Cannot read IP mode file for STMicroelectronics.X-CUBE-NFC7.1.0.1
2023-07-06 12:57:17,979 [WARN] PackLoader:240 - Cannot read IP mode file for STMicroelectronics.X-CUBE-NFC7.1.0.0
2023-07-06 12:57:18,060 [WARN] PackLoader:240 - Cannot read IP mode file for STMicroelectronics.X-CUBE-EEPRMA1.4.1.0
2023-07-06 12:57:18,123 [WARN] ConditionMgr:438 - getConditionDescription Invalid condition id : LAN8742 Phy interface Condition cause : null
2023-07-06 12:57:18,124 [WARN] PackLoader:240 - Cannot read IP mode file for STMicroelectronics.X-CUBE-AZRTOS-L4.2.0.0
2023-07-06 12:57:18,125 [WARN] ConditionMgr:1039 - genDependencies : Invalid condition id : LAN8742 Phy interface Condition cause : null
2023-07-06 12:57:18,126 [WARN] ConditionMgr:1039 - genDependencies : Invalid condition id : LAN8742 Phy interface Condition cause : null
2023-07-06 12:57:18,127 [WARN] ConditionMgr:1039 - genDependencies : Invalid condition id : LAN8742 Phy interface Condition cause : null
2023-07-06 12:57:18,137 [WARN] PackLoader:240 - Cannot read IP mode file for STMicroelectronics.X-CUBE-SFXS2LP1.4.0.0
2023-07-06 12:57:18,157 [WARN] PackLoader:240 - Cannot read IP mode file for STMicroelectronics.X-CUBE-ISPU.1.1.0
2023-07-06 12:57:18,177 [WARN] PackLoader:240 - Cannot read IP mode file for STMicroelectronics.X-CUBE-FREERTOS.1.0.1
2023-07-06 12:57:18,275 [WARN] PackLoader:240 - Cannot read IP mode file for STMicroelectronics.X-CUBE-AZRTOS-L5.1.1.0
2023-07-06 12:57:18,282 [WARN] PackLoader:240 - Cannot read IP mode file for STMicroelectronics.X-CUBE-AI.8.0.1
2023-07-06 12:57:18,311 [WARN] PackLoader:240 - Cannot read IP mode file for STMicroelectronics.X-CUBE-SUBG2.5.0.0
2023-07-06 12:57:18,402 [WARN] PackLoader:240 - Cannot read IP mode file for STMicroelectronics.X-CUBE-AZRTOS-G4.2.0.0
2023-07-06 12:57:18,479 [WARN] PackLoader:240 - Cannot read IP mode file for STMicroelectronics.X-CUBE-TOF1.3.3.0
2023-07-06 12:57:18,569 [WARN] PackLoader:240 - Cannot read IP mode file for STMicroelectronics.X-CUBE-AZRTOS-L4.1.0.0
2023-07-06 12:57:18,622 [WARN] PackLoader:240 - Cannot read IP mode file for STMicroelectronics.X-CUBE-AZRTOS-WL.1.0.0
2023-07-06 12:57:18,642 [WARN] PackLoader:240 - Cannot read IP mode file for portGmbH.I-Cube-SoM-uGOAL.1.1.0
2023-07-06 12:57:18,655 [WARN] PackLoader:240 - Cannot read IP mode file for STMicroelectronics.X-CUBE-ALS.1.0.1
2023-07-06 12:57:18,747 [WARN] PackLoader:240 - Cannot read IP mode file for STMicroelectronics.X-CUBE-AZRTOS-WB.1.1.0
2023-07-06 12:57:18,771 [WARN] PackLoader:240 - Cannot read IP mode file for STMicroelectronics.FP-ATR-ASTRA1.2.0.0
2023-07-06 12:57:18,773 [INFO] ThirdParty:978 - Integrity check success = true
2023-07-06 12:57:18,773 [INFO] IntegrityCheckThread:100 - exiting critical section [integrity check]
2023-07-06 12:57:18,773 [INFO] ThirdParty:873 - entering critical section [close project]
2023-07-06 12:57:18,775 [INFO] ThirdParty:883 - exiting critical section [close project]
2023-07-06 12:57:18,782 [INFO] IntegrityCheckThread:103 - End integrity checks thread
2023-07-06 12:57:18,785 [INFO] PinOutPanel:1499 - setPackage(No Configuration,No Configuration)
2023-07-06 12:57:18,798 [INFO] UtilMem:75 - Begin LoadConfig() Used Memory: 348629600 Bytes (521142272)
2023-07-06 12:57:18,800 [INFO] MicroXplorer:468 - Change Database Path : 
2023-07-06 12:57:18,800 [INFO] MicroXplorer:498 - Change Database Version : DB.6.0.81
2023-07-06 12:57:18,801 [INFO] OpenFileManager:308 - Change cursor
2023-07-06 12:57:19,093 [INFO] Mcu:1937 - Initializing MCU STM32F411R(C-E)Tx STM32F411RETx STM32F411RET6
2023-07-06 12:57:20,353 [ERROR] LogOutputStream:75 - [STDERR_REDIRECT] SLF4J: Failed to load class "org.slf4j.impl.StaticLoggerBinder".
2023-07-06 12:57:20,359 [ERROR] LogOutputStream:75 - [STDERR_REDIRECT] SLF4J: Defaulting to no-operation (NOP) logger implementation
2023-07-06 12:57:20,359 [ERROR] LogOutputStream:75 - [STDERR_REDIRECT] SLF4J: See http://www.slf4j.org/codes.html#StaticLoggerBinder for further details.
2023-07-06 12:57:22,696 [INFO] Context:659 - Trying to add GPIOservice into a context  which must be forbidden
2023-07-06 12:57:23,848 [INFO] RtosManager:555 - Registered RTOS mode: class=CMSIS, group=RTOS, mode=CMSIS_V1, owner=FREERTOS
2023-07-06 12:57:23,848 [INFO] RtosManager:555 - Registered RTOS mode: class=CMSIS, group=RTOS2, mode=CMSIS_V2, owner=FREERTOS
2023-07-06 12:57:23,848 [INFO] RtosManager:555 - Registered RTOS mode: class=RTOS, group=Core, mode=CMSIS_V1, owner=FREERTOS
2023-07-06 12:57:23,848 [INFO] RtosManager:555 - Registered RTOS mode: class=RTOS, group=Core, mode=CMSIS_V2, owner=FREERTOS
2023-07-06 12:57:23,849 [WARN] ModelIntegratedComponent:184 - Missing modes for component STMicroelectronics:FreeRTOS:0.0.1:STMicroelectronics:RTOS:FreeRTOS:Core:::10.2.0:
2023-07-06 12:57:23,873 [WARN] ModelIntegratedComponent:182 - Modes not found for component STMicroelectronics:USB_HOST:1.0.0:STMicroelectronics:USB::USB Host:Audio HS::1.0:USB_HOST_1_0_RESTRICTED_HS
2023-07-06 12:57:23,873 [WARN] ModelIntegratedComponent:188 - Modes not found for component STMicroelectronics:USB_HOST:1.0.0:STMicroelectronics:USB::USB Host:Audio HS::1.0:USB_HOST_1_0_RESTRICTED_HS
2023-07-06 12:57:23,873 [WARN] ModelIntegratedComponent:182 - Modes not found for component STMicroelectronics:USB_HOST:1.0.0:STMicroelectronics:USB::USB Host:CDC HS::1.0:USB_HOST_1_0_RESTRICTED_HS
2023-07-06 12:57:23,874 [WARN] ModelIntegratedComponent:188 - Modes not found for component STMicroelectronics:USB_HOST:1.0.0:STMicroelectronics:USB::USB Host:CDC HS::1.0:USB_HOST_1_0_RESTRICTED_HS
2023-07-06 12:57:23,874 [WARN] ModelIntegratedComponent:182 - Modes not found for component STMicroelectronics:USB_HOST:1.0.0:STMicroelectronics:USB::USB Host:MSC HS::1.0:USB_HOST_1_0_RESTRICTED_HS
2023-07-06 12:57:23,874 [WARN] ModelIntegratedComponent:188 - Modes not found for component STMicroelectronics:USB_HOST:1.0.0:STMicroelectronics:USB::USB Host:MSC HS::1.0:USB_HOST_1_0_RESTRICTED_HS
2023-07-06 12:57:23,874 [WARN] ModelIntegratedComponent:182 - Modes not found for component STMicroelectronics:USB_HOST:1.0.0:STMicroelectronics:USB::USB Host:HID HS::1.0:USB_HOST_1_0_RESTRICTED_HS
2023-07-06 12:57:23,874 [WARN] ModelIntegratedComponent:188 - Modes not found for component STMicroelectronics:USB_HOST:1.0.0:STMicroelectronics:USB::USB Host:HID HS::1.0:USB_HOST_1_0_RESTRICTED_HS
2023-07-06 12:57:23,874 [WARN] ModelIntegratedComponent:182 - Modes not found for component STMicroelectronics:USB_HOST:1.0.0:STMicroelectronics:USB::USB Host:MTP HS::1.0:USB_HOST_1_0_RESTRICTED_HS
2023-07-06 12:57:23,874 [WARN] ModelIntegratedComponent:188 - Modes not found for component STMicroelectronics:USB_HOST:1.0.0:STMicroelectronics:USB::USB Host:MTP HS::1.0:USB_HOST_1_0_RESTRICTED_HS
2023-07-06 12:57:23,891 [WARN] ModelIntegratedComponent:63 - No mode defined for component null
2023-07-06 12:57:23,892 [WARN] ModelIntegratedComponent:63 - No mode defined for component null
2023-07-06 12:57:23,892 [WARN] ModelIntegratedComponent:63 - No mode defined for component null
2023-07-06 12:57:23,892 [WARN] ModelIntegratedComponent:63 - No mode defined for component null
2023-07-06 12:57:23,892 [WARN] ModelIntegratedComponent:63 - No mode defined for component null
2023-07-06 12:57:23,892 [WARN] ModelIntegratedComponent:63 - No mode defined for component null
2023-07-06 12:57:23,892 [WARN] ModelIntegratedComponent:63 - No mode defined for component null
2023-07-06 12:57:23,892 [WARN] ModelIntegratedComponent:63 - No mode defined for component null
2023-07-06 12:57:23,892 [WARN] ModelIntegratedComponent:63 - No mode defined for component null
2023-07-06 12:57:23,893 [WARN] ModelIntegratedComponent:63 - No mode defined for component null
2023-07-06 12:57:23,893 [WARN] ModelIntegratedComponent:63 - No mode defined for component null
2023-07-06 12:57:23,893 [WARN] ModelIntegratedComponent:63 - No mode defined for component null
2023-07-06 12:57:23,893 [WARN] ModelIntegratedComponent:63 - No mode defined for component null
2023-07-06 12:57:23,893 [WARN] ModelIntegratedComponent:63 - No mode defined for component null
2023-07-06 12:57:23,893 [WARN] ModelIntegratedComponent:63 - No mode defined for component null
2023-07-06 12:57:23,893 [WARN] ModelIntegratedComponent:63 - No mode defined for component null
2023-07-06 12:57:23,893 [WARN] ModelIntegratedComponent:63 - No mode defined for component null
2023-07-06 12:57:23,893 [WARN] ModelIntegratedComponent:63 - No mode defined for component null
2023-07-06 12:57:23,893 [WARN] ModelIntegratedComponent:63 - No mode defined for component null
2023-07-06 12:57:23,894 [WARN] ModelIntegratedComponent:63 - No mode defined for component null
2023-07-06 12:57:23,894 [WARN] ModelIntegratedComponent:63 - No mode defined for component null
2023-07-06 12:57:23,894 [WARN] ModelIntegratedComponent:63 - No mode defined for component null
2023-07-06 12:57:23,894 [WARN] ModelIntegratedComponent:63 - No mode defined for component null
2023-07-06 12:57:23,894 [WARN] ModelIntegratedComponent:63 - No mode defined for component null
2023-07-06 12:57:23,894 [WARN] ModelIntegratedComponent:63 - No mode defined for component null
2023-07-06 12:57:23,894 [WARN] ModelIntegratedComponent:63 - No mode defined for component null
2023-07-06 12:57:23,894 [WARN] ModelIntegratedComponent:63 - No mode defined for component null
2023-07-06 12:57:23,894 [WARN] ModelIntegratedComponent:63 - No mode defined for component null
2023-07-06 12:57:23,894 [WARN] ModelIntegratedComponent:63 - No mode defined for component null
2023-07-06 12:57:23,895 [WARN] ModelIntegratedComponent:63 - No mode defined for component null
2023-07-06 12:57:23,895 [WARN] ModelIntegratedComponent:63 - No mode defined for component null
2023-07-06 12:57:23,895 [WARN] ModelIntegratedComponent:63 - No mode defined for component null
2023-07-06 12:57:23,895 [WARN] ModelIntegratedComponent:63 - No mode defined for component null
2023-07-06 12:57:23,911 [WARN] ModelIntegratedComponent:182 - Modes not found for component STMicroelectronics:USB_DEVICE:1.0.0:STMicroelectronics:USB::USB Device:Audio HS::1.0:USB_DEVICE_1_0_RESTRICTED_HS
2023-07-06 12:57:23,911 [WARN] ModelIntegratedComponent:188 - Modes not found for component STMicroelectronics:USB_DEVICE:1.0.0:STMicroelectronics:USB::USB Device:Audio HS::1.0:USB_DEVICE_1_0_RESTRICTED_HS
2023-07-06 12:57:23,911 [WARN] ModelIntegratedComponent:182 - Modes not found for component STMicroelectronics:USB_DEVICE:1.0.0:STMicroelectronics:USB::USB Device:CDC HS::1.0:USB_DEVICE_1_0_RESTRICTED_HS
2023-07-06 12:57:23,911 [WARN] ModelIntegratedComponent:188 - Modes not found for component STMicroelectronics:USB_DEVICE:1.0.0:STMicroelectronics:USB::USB Device:CDC HS::1.0:USB_DEVICE_1_0_RESTRICTED_HS
2023-07-06 12:57:23,911 [WARN] ModelIntegratedComponent:182 - Modes not found for component STMicroelectronics:USB_DEVICE:1.0.0:STMicroelectronics:USB::USB Device:DFU HS::1.0:USB_DEVICE_1_0_RESTRICTED_HS
2023-07-06 12:57:23,911 [WARN] ModelIntegratedComponent:188 - Modes not found for component STMicroelectronics:USB_DEVICE:1.0.0:STMicroelectronics:USB::USB Device:DFU HS::1.0:USB_DEVICE_1_0_RESTRICTED_HS
2023-07-06 12:57:23,911 [WARN] ModelIntegratedComponent:182 - Modes not found for component STMicroelectronics:USB_DEVICE:1.0.0:STMicroelectronics:USB::USB Device:HID HS::1.0:USB_DEVICE_1_0_RESTRICTED_HS
2023-07-06 12:57:23,912 [WARN] ModelIntegratedComponent:188 - Modes not found for component STMicroelectronics:USB_DEVICE:1.0.0:STMicroelectronics:USB::USB Device:HID HS::1.0:USB_DEVICE_1_0_RESTRICTED_HS
2023-07-06 12:57:23,912 [WARN] ModelIntegratedComponent:182 - Modes not found for component STMicroelectronics:USB_DEVICE:1.0.0:STMicroelectronics:USB::USB Device:Custom HID HS::1.0:USB_DEVICE_1_0_RESTRICTED_HS
2023-07-06 12:57:23,912 [WARN] ModelIntegratedComponent:188 - Modes not found for component STMicroelectronics:USB_DEVICE:1.0.0:STMicroelectronics:USB::USB Device:Custom HID HS::1.0:USB_DEVICE_1_0_RESTRICTED_HS
2023-07-06 12:57:23,912 [WARN] ModelIntegratedComponent:182 - Modes not found for component STMicroelectronics:USB_DEVICE:1.0.0:STMicroelectronics:USB::USB Device:MSC HS::1.0:USB_DEVICE_1_0_RESTRICTED_HS
2023-07-06 12:57:23,912 [WARN] ModelIntegratedComponent:188 - Modes not found for component STMicroelectronics:USB_DEVICE:1.0.0:STMicroelectronics:USB::USB Device:MSC HS::1.0:USB_DEVICE_1_0_RESTRICTED_HS
2023-07-06 12:57:23,941 [INFO] ThirdPartyModel:298 - Start build external matchings
2023-07-06 12:57:24,437 [INFO] ThirdPartyModel:316 - End build external matchings
2023-07-06 12:57:24,461 [INFO] RtosManager:919 - Current active RTOS is FREERTOS [Cortex-M4NS]
2023-07-06 12:57:24,914 [INFO] UtilMem:75 - End LoadConfig() Used Memory: 232381920 Bytes (521142272)
2023-07-06 12:57:25,158 [INFO] ApiDb:581 - Connected to CubeFinder SQLite database (/home/nick/.stmcufinder/plugins/mcufinder/mcu/cube-finder-db.db)
2023-07-06 12:57:25,363 [INFO] ApiDb:668 - CubeFinder database Data Model version=2.1
2023-07-06 12:57:25,363 [INFO] ApiDb:669 - CubeFinder database Configuration version=3.0.35
2023-07-06 12:57:25,364 [INFO] ApiDb:670 - CubeFinder database generation date=2023-05-12 (1683877179)
2023-07-06 12:57:25,364 [INFO] ApiDb:671 - CubeFinder database FW Pack versions=[FP-ATR-ASTRA1_V2.0.0, FP-SNS-FLIGHT1_V5.0.0, FP-SNS-MOTENV1_V4.3.0, STM32Cube_FW_C0_V1.0.1, STM32Cube_FW_F0_V1.11.4, STM32Cube_FW_F3_V1.11.4, STM32Cube_FW_F4_V1.27.1, STM32Cube_FW_F7_V1.17.0, STM32Cube_FW_G0_V1.6.1, STM32Cube_FW_G4_V1.5.1, STM32Cube_FW_H5_V0.5.1, STM32Cube_FW_H5_V1.0.0, STM32Cube_FW_H7_V1.11.0, STM32Cube_FW_L0_V1.12.2, STM32Cube_FW_L5_V1.5.0, STM32Cube_FW_U5_V1.2.0, STM32Cube_FW_WBA_V1.0.0, STM32Cube_FW_WBA_V1.0.0RC1, STM32Cube_FW_WBA_V1.0.0RC3, STM32Cube_FW_WB_V1.15.0RC1, STM32Cube_FW_WB_V1.16.0, STM32Cube_FW_WB_V1.16.0RC2, STM32Cube_FW_WL_V1.3.0, X-CUBE-ALGOBUILD_V1.3.0, X-CUBE-ALS_V1.0.1, X-CUBE-AZRTOS-F4_V1.1.0, X-CUBE-AZRTOS-F7_V1.1.0, X-CUBE-AZRTOS-G0_V1.1.0, X-CUBE-AZRTOS-G4_V2.0.0, X-CUBE-AZRTOS-H7_V3.1.0, X-CUBE-AZRTOS-L4_V1.0.0, X-CUBE-AZRTOS-L5_V1.1.0, X-CUBE-AZRTOS-WB_V1.1.0, X-CUBE-AZRTOS-WL_V1.0.0, X-CUBE-BLE1_V6.2.4, X-CUBE-BLE2_V3.3.0, X-CUBE-BLEMGR_V2.0.0, X-CUBE-EEPRMA1_V4.1.0, X-CUBE-FREERTOS_V1.0.1, X-CUBE-GNSS1_V6.0.0, X-CUBE-MEMS1_V9.1.0, X-CUBE-MEMS1_V9.4.0, X-CUBE-MEMS1_V9.6.0, X-CUBE-NFC4_V3.0.0, X-CUBE-NFC7_V1.0.0, X-CUBE-SFXS2LP1_V4.0.0, X-CUBE-SUBG2_V5.0.0]
2023-07-06 12:57:29,137 [INFO] ApiDb:240 - Found 297 in-development CPN: [B-G473E-ZEST1S, B-WB1M-WPAN1, B-WL5M-SUBG1, NUCLEO-C031C6, NUCLEO-H503RB, NUCLEO-H563ZI, NUCLEO-U545RE-Q, NUCLEO-U5A5ZJ-Q, NUCLEO-WBA52CG, STEVAL-PROTEUS1, STEVAL-STWINBX1, STM320518-EVAL, STM32C0116-DK, STM32C011D6Y3TR, STM32C011D6Y6TR, STM32C011F4P3, STM32C011F4P6, STM32C011F4U3, STM32C011F4U6TR, STM32C011F6P3, STM32C011F6P6, STM32C011F6U3, STM32C011F6U6TR, STM32C011J4M3, STM32C011J4M6, STM32C011J6M3, STM32C011J6M6, STM32C0316-DK, STM32C031C4T3, STM32C031C4T6, STM32C031C4U3, STM32C031C4U6, STM32C031C6T3, STM32C031C6T6, STM32C031C6U3, STM32C031C6U6, STM32C031F4P3, STM32C031F4P6, STM32C031F6P3, STM32C031F6P6, STM32C031G4U3, STM32C031G4U6, STM32C031G6U3, STM32C031G6U6, STM32C031K4T3, STM32C031K4T6, STM32C031K4U3, STM32C031K4U6, STM32C031K6T3, STM32C031K6T6, STM32C031K6U3, STM32C031K6U6, STM32G071K8TXN, STM32G071K8UXN, STM32G081GBU6N, STM32G081KBT6N, STM32G081KBUXN, STM32G0B1CCT6N, STM32G0B1KCT6, STM32G0B1NEY6TR, STM32G0B1RCT6N, STM32G0C1CCT6, STM32G0C1CCT6N, STM32G0C1CCU6N, STM32G0C1CET6N, STM32G0C1CEU6N, STM32G0C1KCT6, STM32G0C1NEY6TR, STM32G0C1RCI6N, STM32G0C1RCT6N, STM32G0C1REI6N, STM32G0C1RET6N, STM32G0C1VCI6, STM32G0C1VEI6, STM32G471CCT6, STM32G471CCU6, STM32G471CET3, STM32G471CET6, STM32G471CEU3, STM32G471CEU6, STM32G471MCT6, STM32G471MET3, STM32G471MET6, STM32G471MEY6TR, STM32G471QCT6, STM32G471QET3, STM32G471RCT6, STM32G471RET3, STM32G471RET6, STM32G471VCH6, STM32G471VCI6, STM32G471VCT6, STM32G471VEH3, STM32G471VEH6, STM32G471VEI3, STM32G471VEI6, STM32G471VET3, STM32G471VET6, STM32G474CCT6, STM32H503CBT6, STM32H503CBU6, STM32H503EBY6TR, STM32H503KBU6, STM32H503RBT6, STM32H562AGI6, STM32H562AII6, STM32H562IGK6, STM32H562IGT6, STM32H562IIK6, STM32H562IIT6, STM32H562RGT6, STM32H562RGV6, STM32H562RIT6, STM32H562RIV6, STM32H562VGT6, STM32H562VIT6, STM32H562ZGT6, STM32H562ZIT6, STM32H563AGI6, STM32H563AII3Q, STM32H563AII6, STM32H563IGK6, STM32H563IGT6, STM32H563IIK3Q, STM32H563IIK6, STM32H563IIT3Q, STM32H563IIT6, STM32H563MIY3QTR, STM32H563RGT6, STM32H563RGV6, STM32H563RIT6, STM32H563RIV6, STM32H563VGT6, STM32H563VIT3Q, STM32H563VIT6, STM32H563ZGT6, STM32H563ZIT3Q, STM32H563ZIT6, STM32H573AII3Q, STM32H573AII6, STM32H573I-DK, STM32H573IIK3Q, STM32H573IIK6, STM32H573IIT3Q, STM32H573IIT6, STM32H573MIY3QTR, STM32H573RIT6, STM32H573RIV6, STM32H573VIT3Q, STM32H573VIT6, STM32H573ZIT3Q, STM32H573ZIT6, STM32L4R5QGI6STR, STM32MP131AAE3, STM32MP131AAF3, STM32MP131AAG3, STM32MP131CAE3, STM32MP131CAF3, STM32MP131CAG3, STM32MP131DAE7, STM32MP131DAF7, STM32MP131DAG7, STM32MP131FAE7, STM32MP131FAF7, STM32MP131FAG7, STM32MP133AAE3, STM32MP133AAF3, STM32MP133AAG3, STM32MP133CAE3, STM32MP133CAF3, STM32MP133CAG3, STM32MP133DAE7, STM32MP133DAF7, STM32MP133DAG7, STM32MP133FAE7, STM32MP133FAF7, STM32MP133FAG7, STM32MP135AAE3, STM32MP135AAF3, STM32MP135AAG3, STM32MP135CAE3, STM32MP135CAF3, STM32MP135CAG3, STM32MP135DAE7, STM32MP135DAF7, STM32MP135DAG7, STM32MP135F-DK, STM32MP135FAE7, STM32MP135FAF7, STM32MP135FAF7T, STM32MP135FAF7U, STM32MP135FAG7, STM32U535CBT6, STM32U535CBT6Q, STM32U535CBU6, STM32U535CBU6Q, STM32U535CCT6, STM32U535CCT6Q, STM32U535CCU6, STM32U535CCU6Q, STM32U535CET6, STM32U535CET6Q, STM32U535CEU6, STM32U535CEU6Q, STM32U535JEY6QTR, STM32U535NCY6QTR, STM32U535NEY6QTR, STM32U535RBI6, STM32U535RBI6Q, STM32U535RBT6, STM32U535RBT6Q, STM32U535RCI6, STM32U535RCI6Q, STM32U535RCT6, STM32U535RCT6Q, STM32U535REI6, STM32U535REI6Q, STM32U535RET6, STM32U535RET6Q, STM32U535VCI6, STM32U535VCI6Q, STM32U535VCT6, STM32U535VCT6Q, STM32U535VEI6, STM32U535VEI6Q, STM32U535VET6, STM32U535VET6Q, STM32U545CET6, STM32U545CET6Q, STM32U545CEU6, STM32U545CEU6Q, STM32U545JEY6QTR, STM32U545NEY6QTR, STM32U545REI6, STM32U545REI6Q, STM32U545RET6, STM32U545RET6Q, STM32U545VEI6, STM32U545VEI6Q, STM32U545VET6, STM32U545VET6Q, STM32U595AIH6, STM32U595AIH6Q, STM32U595AJH6, STM32U595AJH6Q, STM32U595QII6, STM32U595QII6Q, STM32U595QJI6, STM32U595QJI6Q, STM32U595RIT6, STM32U595RIT6Q, STM32U595RJT6, STM32U595RJT6Q, STM32U595VIT6, STM32U595VIT6Q, STM32U595VJT6, STM32U595VJT6Q, STM32U595ZIT6, STM32U595ZIT6Q, STM32U595ZIY6QTR, STM32U595ZJT6, STM32U595ZJT6Q, STM32U595ZJY6QTR, STM32U599BJY6QTR, STM32U599NIH6Q, STM32U599NJH6Q, STM32U599VIT6Q, STM32U599VJT6, STM32U599VJT6Q, STM32U599ZIT6Q, STM32U599ZIY6QTR, STM32U599ZJT6Q, STM32U599ZJY6QTR, STM32U5A5AJH6, STM32U5A5AJH6Q, STM32U5A5QJI6, STM32U5A5QJI6Q, STM32U5A5RJT6, STM32U5A5RJT6Q, STM32U5A5VJT6, STM32U5A5VJT6Q, STM32U5A5ZJT6, STM32U5A5ZJT6Q, STM32U5A5ZJY6QTR, STM32U5A9BJY6QTR, STM32U5A9J-DK, STM32U5A9NJH6Q, STM32U5A9VJT6Q, STM32U5A9ZJT6Q, STM32U5A9ZJY6QTR, STM32WB1MMCH6, STM32WBA52CEU6, STM32WBA52CEU6T, STM32WBA52CGU6, STM32WBA52CGU6T, STM32WL5MOCH6, STM32WL5MOCH6TR]
2023-07-06 12:57:29,144 [INFO] DbMcus:216 - Found 3775 MCUs, 3775 are supported
2023-07-06 12:57:29,168 [INFO] ApiDb:423 - Load user favorites file /home/nick/.stm32cubeide/favorites.mcus.txt: 0 item(s)
2023-07-06 12:57:29,169 [INFO] ApiDb:427 - User favorites MCUs=[]
2023-07-06 12:57:29,169 [INFO] DbMcus:222 - Set 0 / 0 favorites MCUs
2023-07-06 12:57:29,999 [WARN] ThirdParty:833 - waiting for thirdparty lock release [change project]
2023-07-06 12:57:29,999 [INFO] ThirdParty:835 - entering critical section [change project]
2023-07-06 12:57:30,000 [INFO] ThirdParty:1030 - CMSIS Pack Vendor :STMicroelectronics X-CUBE-ISPU 1.1.0
2023-07-06 12:57:30,000 [INFO] ThirdParty:1030 - CMSIS Pack Vendor :STMicroelectronics X-CUBE-GNSS1 6.0.0
2023-07-06 12:57:30,000 [INFO] ThirdParty:1030 - CMSIS Pack Vendor :STMicroelectronics USB_HOST 2.0.0
2023-07-06 12:57:30,000 [INFO] ThirdParty:1030 - CMSIS Pack Vendor :STMicroelectronics X-CUBE-AZRTOS-F4 1.1.0
2023-07-06 12:57:30,000 [INFO] ThirdParty:1030 - CMSIS Pack Vendor :STMicroelectronics LIBJPEG 8.0.0
2023-07-06 12:57:30,000 [INFO] ThirdParty:1030 - CMSIS Pack Vendor :STMicroelectronics X-CUBE-SMBUS 2.1.0
2023-07-06 12:57:30,000 [INFO] ThirdParty:1030 - CMSIS Pack Vendor :wolfSSL I-CUBE-wolfSSL 5.6.0
2023-07-06 12:57:30,000 [INFO] ThirdParty:1030 - CMSIS Pack Vendor :STMicroelectronics USB_DEVICE 3.0.0
2023-07-06 12:57:30,001 [INFO] ThirdParty:1030 - CMSIS Pack Vendor :STMicroelectronics X-CUBE-FREERTOS 1.0.1
2023-07-06 12:57:30,001 [INFO] ThirdParty:1030 - CMSIS Pack Vendor :STMicroelectronics X-CUBE-AZRTOS-F7 1.1.0
2023-07-06 12:57:30,001 [INFO] ThirdParty:1030 - CMSIS Pack Vendor :STMicroelectronics X-CUBE-TOUCHGFX 4.21.4
2023-07-06 12:57:30,001 [INFO] ThirdParty:1030 - CMSIS Pack Vendor :STMicroelectronics USB_DEVICE 2.0.0
2023-07-06 12:57:30,001 [INFO] ThirdParty:1030 - CMSIS Pack Vendor :STMicroelectronics X-CUBE-MEMS1 9.6.0
2023-07-06 12:57:30,001 [INFO] ThirdParty:1030 - CMSIS Pack Vendor :STMicroelectronics FP-SNS-MOTENV1 4.3.0
2023-07-06 12:57:30,001 [INFO] ThirdParty:1030 - CMSIS Pack Vendor :STMicroelectronics FP-SNS-MOTENV1 4.3.2
2023-07-06 12:57:30,001 [INFO] ThirdParty:1030 - CMSIS Pack Vendor :STMicroelectronics FP-SNS-FLIGHT1 5.0.0
2023-07-06 12:57:30,002 [INFO] ThirdParty:1030 - CMSIS Pack Vendor :STMicroelectronics FP-SNS-MOTENV1 4.3.1
2023-07-06 12:57:30,002 [INFO] ThirdParty:1030 - CMSIS Pack Vendor :STMicroelectronics FP-SNS-FLIGHT1 5.0.1
2023-07-06 12:57:30,002 [INFO] ThirdParty:1030 - CMSIS Pack Vendor :STMicroelectronics X-CUBE-ALGOBUILD 1.3.0
2023-07-06 12:57:30,002 [INFO] ThirdParty:1030 - CMSIS Pack Vendor :STMicroelectronics X-CUBE-BLE1 6.2.4
2023-07-06 12:57:30,002 [INFO] ThirdParty:1030 - CMSIS Pack Vendor :STMicroelectronics X-CUBE-AZRTOS-L5 1.1.0
2023-07-06 12:57:30,002 [INFO] ThirdParty:1030 - CMSIS Pack Vendor :STMicroelectronics FreeRTOS 0.0.1
2023-07-06 12:57:30,002 [INFO] ThirdParty:1030 - CMSIS Pack Vendor :STMicroelectronics X-CUBE-AZRTOS-G0 1.1.0
2023-07-06 12:57:30,002 [INFO] ThirdParty:1030 - CMSIS Pack Vendor :emotas I-CUBE-CANOPEN 1.1.3
2023-07-06 12:57:30,003 [INFO] ThirdParty:1030 - CMSIS Pack Vendor :STMicroelectronics X-CUBE-BLEMGR 2.0.0
2023-07-06 12:57:30,003 [INFO] ThirdParty:1030 - CMSIS Pack Vendor :STMicroelectronics X-CUBE-AI 8.0.1
2023-07-06 12:57:30,003 [INFO] ThirdParty:1030 - CMSIS Pack Vendor :STMicroelectronics X-CUBE-NFC4 3.0.0
2023-07-06 12:57:30,003 [INFO] ThirdParty:1030 - CMSIS Pack Vendor :STMicroelectronics X-CUBE-SUBG2 5.0.0
2023-07-06 12:57:30,003 [INFO] ThirdParty:1030 - CMSIS Pack Vendor :STMicroelectronics STM32_WPAN 1.0.0
2023-07-06 12:57:30,003 [INFO] ThirdParty:1030 - CMSIS Pack Vendor :STMicroelectronics lwIP 2.0.3
2023-07-06 12:57:30,003 [INFO] ThirdParty:1030 - CMSIS Pack Vendor :STMicroelectronics USB_HOST 1.0.0
2023-07-06 12:57:30,003 [INFO] ThirdParty:1030 - CMSIS Pack Vendor :STMicroelectronics X-CUBE-AZRTOS-G4 2.0.0
2023-07-06 12:57:30,004 [INFO] ThirdParty:1030 - CMSIS Pack Vendor :STMicroelectronics PDM2PCM 3.1.0
2023-07-06 12:57:30,004 [INFO] ThirdParty:1030 - CMSIS Pack Vendor :STMicroelectronics X-CUBE-AZRTOS-H7 3.1.0
2023-07-06 12:57:30,004 [INFO] ThirdParty:1030 - CMSIS Pack Vendor :STMicroelectronics X-CUBE-TOF1 3.3.0
2023-07-06 12:57:30,004 [INFO] ThirdParty:1030 - CMSIS Pack Vendor :STMicroelectronics PDM2PCM 3.3.0
2023-07-06 12:57:30,004 [INFO] ThirdParty:1030 - CMSIS Pack Vendor :STMicroelectronics X-CUBE-DISPLAY 3.0.0
2023-07-06 12:57:30,004 [INFO] ThirdParty:1030 - CMSIS Pack Vendor :STMicroelectronics FP-ATR-SIGFOX1 3.2.0
2023-07-06 12:57:30,004 [INFO] ThirdParty:1030 - CMSIS Pack Vendor :STMicroelectronics X-CUBE-AZRTOS-L4 1.0.0
2023-07-06 12:57:30,005 [INFO] ThirdParty:1030 - CMSIS Pack Vendor :STMicroelectronics HAL Drivers 0.0.0
2023-07-06 12:57:30,005 [INFO] ThirdParty:1030 - CMSIS Pack Vendor :STMicroelectronics MBEDTLS 2.16.2
2023-07-06 12:57:30,005 [INFO] ThirdParty:1030 - CMSIS Pack Vendor :STMicroelectronics X-CUBE-TOUCHGFX 4.22.0
2023-07-06 12:57:30,005 [INFO] ThirdParty:1030 - CMSIS Pack Vendor :STMicroelectronics X-CUBE-NFC7 1.0.1
2023-07-06 12:57:30,005 [INFO] ThirdParty:1030 - CMSIS Pack Vendor :STMicroelectronics MBEDTLS 2.14.1
2023-07-06 12:57:30,005 [INFO] ThirdParty:1030 - CMSIS Pack Vendor :STMicroelectronics X-CUBE-NFC7 1.0.0
2023-07-06 12:57:30,005 [INFO] ThirdParty:1030 - CMSIS Pack Vendor :STMicroelectronics X-CUBE-AZRTOS-WL 1.0.0
2023-07-06 12:57:30,005 [INFO] ThirdParty:1030 - CMSIS Pack Vendor :STMicroelectronics X-CUBE-EEPRMA1 4.1.0
2023-07-06 12:57:30,005 [INFO] ThirdParty:1030 - CMSIS Pack Vendor :portGmbH I-Cube-SoM-uGOAL 1.1.0
2023-07-06 12:57:30,006 [INFO] ThirdParty:1030 - CMSIS Pack Vendor :STMicroelectronics X-CUBE-ALS 1.0.1
2023-07-06 12:57:30,006 [INFO] ThirdParty:1030 - CMSIS Pack Vendor :STMicroelectronics ThreadX 1.0.0
2023-07-06 12:57:30,006 [INFO] ThirdParty:1030 - CMSIS Pack Vendor :STMicroelectronics X-CUBE-AZRTOS-WB 1.1.0
2023-07-06 12:57:30,006 [INFO] ThirdParty:1030 - CMSIS Pack Vendor :STMicroelectronics X-CUBE-AZRTOS-WL 2.0.0
2023-07-06 12:57:30,006 [INFO] ThirdParty:1030 - CMSIS Pack Vendor :SEGGER I-CUBE-embOS 1.3.1
2023-07-06 12:57:30,006 [INFO] ThirdParty:1030 - CMSIS Pack Vendor :STMicroelectronics USB_DEVICE 1.0.0
2023-07-06 12:57:30,006 [INFO] ThirdParty:1030 - CMSIS Pack Vendor :STMicroelectronics X-CUBE-AZRTOS-L4 2.0.0
2023-07-06 12:57:30,006 [INFO] ThirdParty:1030 - CMSIS Pack Vendor :STMicroelectronics ThreadX 0.0.2
2023-07-06 12:57:30,006 [INFO] ThirdParty:1030 - CMSIS Pack Vendor :WES I-CUBE-Cesium 1.3.0
2023-07-06 12:57:30,006 [INFO] ThirdParty:1030 - CMSIS Pack Vendor :STMicroelectronics FP-ATR-ASTRA1 2.0.0
2023-07-06 12:57:30,007 [INFO] ThirdParty:1030 - CMSIS Pack Vendor :STMicroelectronics lwIP 2.1.2
2023-07-06 12:57:30,007 [INFO] ThirdParty:1030 - CMSIS Pack Vendor :STMicroelectronics X-CUBE-SFXS2LP1 4.0.0
2023-07-06 12:57:30,007 [INFO] ThirdParty:1030 - CMSIS Pack Vendor :STMicroelectronics X-CUBE-BLE2 3.3.0
2023-07-06 12:57:30,007 [INFO] ThirdParty:1030 - CMSIS Pack Vendor :STMicroelectronics PDM2PCM 3.2.0
2023-07-06 12:57:30,007 [INFO] ThirdParty:841 - exiting critical section [change project]
2023-07-06 12:57:30,893 [INFO] PinOutPanel:1499 - setPackage(No Configuration,No Configuration)
2023-07-06 12:57:30,895 [INFO] PinOutPanel:1499 - setPackage(STM32F411RETx,LQFP64)
2023-07-06 12:57:31,630 [INFO] UtilMem:75 - Before build in PCC Used Memory: 267044864 Bytes (521142272)
2023-07-06 12:57:33,711 [INFO] UtilMem:75 - After build in PCC Used Memory: 231749120 Bytes (521142272)
2023-07-06 12:57:33,875 [INFO] ApiDbMcu:507 - Load IP Config File for FREERTOS
2023-07-06 12:57:33,965 [INFO] IPUIPlugin:80 - create IPUIPlugin
2023-07-06 12:57:33,966 [INFO] IPUIPlugin:80 - create IPUIPlugin
2023-07-06 12:57:33,967 [INFO] IPUIPlugin:80 - create IPUIPlugin
2023-07-06 12:57:33,967 [INFO] IPUIPlugin:80 - create IPUIPlugin
2023-07-06 12:57:33,967 [INFO] IPUIPlugin:80 - create IPUIPlugin
2023-07-06 12:57:33,967 [INFO] IPUIPlugin:80 - create IPUIPlugin
2023-07-06 12:57:33,968 [INFO] IPUIPlugin:80 - create IPUIPlugin
2023-07-06 12:57:33,968 [INFO] IPUIPlugin:80 - create IPUIPlugin
2023-07-06 12:57:33,968 [INFO] IPUIPlugin:80 - create IPUIPlugin
2023-07-06 12:57:33,968 [INFO] IPUIPlugin:80 - create IPUIPlugin
2023-07-06 12:57:33,969 [INFO] IPUIPlugin:80 - create IPUIPlugin
2023-07-06 12:57:33,970 [INFO] IPUIPlugin:80 - create IPUIPlugin
2023-07-06 12:57:33,971 [INFO] IPUIPlugin:80 - create IPUIPlugin
2023-07-06 12:57:33,971 [INFO] IPUIPlugin:80 - create IPUIPlugin
2023-07-06 12:57:33,972 [INFO] IPUIPlugin:80 - create IPUIPlugin
2023-07-06 12:57:33,972 [INFO] IPUIPlugin:80 - create IPUIPlugin
2023-07-06 12:57:33,973 [INFO] IPUIPlugin:80 - create IPUIPlugin
2023-07-06 12:57:33,973 [INFO] IPUIPlugin:80 - create IPUIPlugin
2023-07-06 12:57:33,974 [INFO] IPUIPlugin:80 - create IPUIPlugin
2023-07-06 12:57:33,974 [INFO] IPUIPlugin:80 - create IPUIPlugin
2023-07-06 12:57:33,975 [INFO] IPUIPlugin:80 - create IPUIPlugin
2023-07-06 12:57:33,975 [INFO] IPUIPlugin:80 - create IPUIPlugin
2023-07-06 12:57:33,975 [INFO] IPUIPlugin:80 - create IPUIPlugin
2023-07-06 12:57:33,976 [INFO] IPUIPlugin:80 - create IPUIPlugin
2023-07-06 12:57:33,976 [INFO] IPUIPlugin:80 - create IPUIPlugin
2023-07-06 12:57:33,976 [INFO] IPUIPlugin:80 - create IPUIPlugin
2023-07-06 12:57:33,976 [INFO] IPUIPlugin:80 - create IPUIPlugin
2023-07-06 12:57:33,977 [INFO] IPUIPlugin:80 - create IPUIPlugin
2023-07-06 12:57:33,977 [INFO] IPUIPlugin:80 - create IPUIPlugin
2023-07-06 12:57:33,978 [INFO] IPUIPlugin:80 - create IPUIPlugin
2023-07-06 12:57:33,978 [INFO] IPUIPlugin:80 - create IPUIPlugin
2023-07-06 12:57:33,978 [INFO] IPUIPlugin:80 - create IPUIPlugin
2023-07-06 12:57:33,979 [INFO] IPUIPlugin:80 - create IPUIPlugin
2023-07-06 12:57:33,979 [INFO] IPUIPlugin:80 - create IPUIPlugin
2023-07-06 12:57:33,980 [INFO] IPUIPlugin:80 - create IPUIPlugin
2023-07-06 12:57:33,980 [INFO] IPUIPlugin:80 - create IPUIPlugin
2023-07-06 12:57:33,981 [INFO] IPUIPlugin:80 - create IPUIPlugin
2023-07-06 12:57:33,981 [INFO] IPUIPlugin:80 - create IPUIPlugin
2023-07-06 12:57:33,982 [INFO] IPUIPlugin:80 - create IPUIPlugin
2023-07-06 12:57:33,982 [INFO] IPUIPlugin:80 - create IPUIPlugin
2023-07-06 12:57:33,983 [INFO] IPUIPlugin:80 - create IPUIPlugin
2023-07-06 12:57:33,984 [INFO] IPUIPlugin:80 - create IPUIPlugin
2023-07-06 12:57:33,985 [INFO] IPUIPlugin:80 - create IPUIPlugin
2023-07-06 12:57:34,048 [INFO] ApiDbMcu:507 - Load IP Config File for PDM2PCM
2023-07-06 12:57:34,072 [WARN] IP:2113 - I2C_Coeff_DF not found: check if there is a RefParameter without a condition.
2023-07-06 12:57:34,072 [WARN] IP:2113 - Analog_Filter not found: check if there is a RefParameter without a condition.
2023-07-06 12:57:34,131 [WARN] FreeRTOS:1023 - Null or empty value: should not occur! (nothing added to the table)
2023-07-06 12:57:34,651 [INFO] CADModel:165 - CPN selected for project levelSTM32F411RET6
2023-07-06 12:57:34,651 [INFO] CADModel:114 - Register for checkConnection events
2023-07-06 12:57:34,658 [INFO] RtosManager:697 - Active RTOS found at IOC load: FREERTOS [Cortex-M4NS]
2023-07-06 12:57:34,712 [INFO] OpenFileManager:328 - Restore cursor
2023-07-06 12:57:35,075 [WARN] IP:2113 - I2C_Coeff_DF not found: check if there is a RefParameter without a condition.
2023-07-06 12:57:35,076 [WARN] IP:2113 - Analog_Filter not found: check if there is a RefParameter without a condition.
2023-07-06 12:57:35,078 [WARN] IP:2113 - I2C_Coeff_DF not found: check if there is a RefParameter without a condition.
2023-07-06 12:57:35,078 [WARN] IP:2113 - Analog_Filter not found: check if there is a RefParameter without a condition.
2023-07-06 12:57:56,704 [ERROR] RtosPanel:558 - Can not restore the selected Tab for FREERTOS(A reason can be that the tab is no more available.)
2023-07-06 12:58:12,543 [INFO] TasksAndQueuesTab:757 - Dynamic
2023-07-06 12:58:12,544 [WARN] TasksAndQueuesTab:763 - 128 128
2023-07-06 12:58:12,544 [WARN] TasksAndQueuesTab:775 - max value is: 3840.0
2023-07-06 12:58:12,544 [INFO] TasksAndQueuesTab:757 - Dynamic
2023-07-06 12:58:12,544 [WARN] TasksAndQueuesTab:763 - 128 128
2023-07-06 12:58:12,544 [WARN] TasksAndQueuesTab:775 - max value is: 3840.0
2023-07-06 12:58:14,251 [INFO] TasksAndQueuesTab:757 - Dynamic
2023-07-06 12:58:14,251 [WARN] TasksAndQueuesTab:763 - 128 128
2023-07-06 12:58:14,252 [WARN] TasksAndQueuesTab:775 - max value is: 3840.0
2023-07-06 12:58:14,252 [INFO] TasksAndQueuesTab:757 - Dynamic
2023-07-06 12:58:14,252 [WARN] TasksAndQueuesTab:763 - 128 128
2023-07-06 12:58:14,252 [WARN] TasksAndQueuesTab:775 - max value is: 3840.0
2023-07-06 12:58:55,964 [INFO] NvicIntPanel:101 - NVIC parent = com.st.microxplorer.plugins.ip.nvic.MultiNvicIntPanel[,0,0,506x311,layout=javax.swing.BoxLayout,alignmentX=0.0,alignmentY=0.0,border=,flags=9,maximumSize=,minimumSize=,preferredSize=]
2023-07-06 13:13:41,330 [INFO] UtilMem:75 - End SaveConfig() Used Memory: 298272904 Bytes (578813952)
2023-07-06 13:13:43,171 [INFO] UtilMem:75 - End SaveConfig() Used Memory: 258621056 Bytes (578813952)
2023-07-06 13:13:44,329 [INFO] UtilMem:75 - End SaveConfig() Used Memory: 237345456 Bytes (578813952)
